<?xml version="1.0" encoding="utf-8"?><testsuites name="pytest tests"><testsuite name="pytest" errors="0" failures="0" skipped="0" tests="61" time="7.393" timestamp="2026-07-05T08:44:02.395736+00:00" hostname="agent-env-05fcb770-72c4-43bb-9a74-97c2ffc8579e"><testcase classname="backend.tests.test_backend" name="test_health" time="0.170" /><testcase classname="backend.tests.test_backend" name="test_products_list_shape" time="0.098" /><testcase classname="backend.tests.test_backend" name="test_products_hidden_plastiflo" time="0.095" /><testcase classname="backend.tests.test_backend" name="test_products_have_image_and_docs" time="0.102" /><testcase classname="backend.tests.test_backend" name="test_create_enquiry_all_types[contact]" time="0.145" /><testcase classname="backend.tests.test_backend" name="test_create_enquiry_all_types[quote]" time="0.129" /><testcase classname="backend.tests.test_backend" name="test_create_enquiry_all_types[waste_pickup]" time="0.129" /><testcase classname="backend.tests.test_backend" name="test_create_enquiry_all_types[lab_testing]" time="0.126" /><testcase classname="backend.tests.test_backend" name="test_create_enquiry_all_types[product]" time="0.127" /><testcase classname="backend.tests.test_backend" name="test_create_enquiry_all_types[sample]" time="0.122" /><testcase classname="backend.tests.test_backend" name="test_create_enquiry_invalid_type" time="0.097" /><testcase classname="backend.tests.test_backend" name="test_create_enquiry_invalid_email" time="0.102" /><testcase classname="backend.tests.test_backend" name="test_create_enquiry_missing_required" time="0.103" /><testcase classname="backend.tests.test_backend" name="test_create_enquiry_xss_payload_stored_as_text" time="0.435" /><testcase classname="backend.tests.test_backend" name="test_create_enquiry_large_message" time="0.114" /><testcase classname="backend.tests.test_backend" name="test_create_vendor" time="0.119" /><testcase classname="backend.tests.test_backend" name="test_create_vendor_invalid_email" time="0.094" /><testcase classname="backend.tests.test_backend" name="test_login_success" time="0.323" /><testcase classname="backend.tests.test_backend" name="test_login_wrong_password" time="0.319" /><testcase classname="backend.tests.test_backend" name="test_login_unknown_email" time="0.099" /><testcase classname="backend.tests.test_backend" name="test_me_requires_token" time="0.095" /><testcase classname="backend.tests.test_backend" name="test_me_with_valid_token" time="0.367" /><testcase classname="backend.tests.test_backend" name="test_me_with_malformed_token" time="0.111" /><testcase classname="backend.tests.test_backend" name="test_me_with_expired_token" time="0.103" /><testcase classname="backend.tests.test_backend" name="test_me_with_wrong_role" time="0.099" /><testcase classname="backend.tests.test_backend" name="test_list_enquiries_unauth" time="0.107" /><testcase classname="backend.tests.test_backend" name="test_list_enquiries_authed" time="0.363" /><testcase classname="backend.tests.test_backend" name="test_list_vendors_unauth" time="0.098" /><testcase classname="backend.tests.test_backend" name="test_list_vendors_authed" time="0.373" /><testcase classname="backend.tests.test_backend" name="test_admin_stats" time="0.375" /><testcase classname="backend.tests.test_backend" name="test_patch_enquiry_status" time="0.518" /><testcase classname="backend.tests.test_backend" name="test_patch_enquiry_unknown_id" time="0.371" /><testcase classname="backend.tests.test_backend" name="test_patch_enquiry_invalid_status" time="0.364" /><testcase classname="backend.tests.test_backend" name="test_patch_enquiry_unauth" time="0.100" /><testcase classname="backend.tests.test_backend" name="test_brochure_pdf_served" time="0.189" /><testcase classname="backend.tests.test_backend" name="test_product_tds_served" time="0.168" /><testcase classname="backend.tests.test_backend" name="test_client_logo_served" time="0.106" /><testcase classname="backend.tests.test_backend" name="test_security_headers_present[/api/health]" time="0.099" /><testcase classname="backend.tests.test_backend" name="test_security_headers_present[/api/products]" time="0.101" /><testcase classname="backend.tests.test_backend" name="test_cors_still_works" time="0.071" /><testcase classname="backend.tests.test_backend" name="test_local_spa_route_has_all_security_headers[/]" time="0.003" /><testcase classname="backend.tests.test_backend" name="test_local_spa_route_has_all_security_headers[/index.html]" time="0.005" /><testcase classname="backend.tests.test_backend" name="test_local_spa_route_has_all_security_headers[/about]" time="0.002" /><testcase classname="backend.tests.test_backend" name="test_local_spa_route_has_all_security_headers[/products]" time="0.002" /><testcase classname="backend.tests.test_backend" name="test_local_spa_route_has_all_security_headers[/certifications]" time="0.002" /><testcase classname="backend.tests.test_backend" name="test_local_spa_route_has_all_security_headers[/contact]" time="0.002" /><testcase classname="backend.tests.test_backend" name="test_local_spa_route_has_all_security_headers[/vendor-onboarding]" time="0.002" /><testcase classname="backend.tests.test_backend" name="test_local_spa_route_has_all_security_headers[/admin/login]" time="0.002" /><testcase classname="backend.tests.test_backend" name="test_local_spa_route_has_all_security_headers[/services/nabl-lab]" time="0.002" /><testcase classname="backend.tests.test_backend" name="test_local_spa_route_has_all_security_headers[/services/hazardous-waste]" time="0.002" /><testcase classname="backend.tests.test_backend" name="test_local_html_shell_cache_control" time="0.002" /><testcase classname="backend.tests.test_backend" name="test_local_spa_fallback_random_path_returns_index" time="0.002" /><testcase classname="backend.tests.test_backend" name="test_local_brochure_pdf_integrity" time="0.008" /><testcase classname="backend.tests.test_backend" name="test_local_product_tds_pdf" time="0.004" /><testcase classname="backend.tests.test_backend" name="test_local_client_logo_served" time="0.002" /><testcase classname="backend.tests.test_backend" name="test_local_api_still_works_alongside_static" time="0.002" /><testcase classname="backend.tests.test_backend" name="test_local_head_on_static_route" time="0.002" /><testcase classname="backend.tests.test_backend" name="test_certificate_image_served_local[nabl]" time="0.002" /><testcase classname="backend.tests.test_backend" name="test_certificate_image_served_local[iso-9001]" time="0.002" /><testcase classname="backend.tests.test_backend" name="test_certificate_image_served_local[iso-14001]" time="0.002" /><testcase classname="backend.tests.test_backend" name="test_certificate_image_served_local[iso-45001]" time="0.006" /></testsuite></testsuites>