<?xml version="1.0" encoding="utf-8"?><testsuites name="pytest tests"><testsuite name="pytest" errors="0" failures="0" skipped="0" tests="37" time="6.950" timestamp="2026-07-04T13:50:59.191800+00:00" hostname="agent-env-05fcb770-72c4-43bb-9a74-97c2ffc8579e"><testcase classname="backend.tests.test_backend" name="test_health" time="0.129" /><testcase classname="backend.tests.test_backend" name="test_products_list_shape" time="0.110" /><testcase classname="backend.tests.test_backend" name="test_products_hidden_plastiflo" time="0.112" /><testcase classname="backend.tests.test_backend" name="test_products_have_image_and_docs" time="0.109" /><testcase classname="backend.tests.test_backend" name="test_create_enquiry_all_types[contact]" time="0.105" /><testcase classname="backend.tests.test_backend" name="test_create_enquiry_all_types[quote]" time="0.098" /><testcase classname="backend.tests.test_backend" name="test_create_enquiry_all_types[waste_pickup]" time="0.104" /><testcase classname="backend.tests.test_backend" name="test_create_enquiry_all_types[lab_testing]" time="0.104" /><testcase classname="backend.tests.test_backend" name="test_create_enquiry_all_types[product]" time="0.098" /><testcase classname="backend.tests.test_backend" name="test_create_enquiry_all_types[sample]" time="0.114" /><testcase classname="backend.tests.test_backend" name="test_create_enquiry_invalid_type" time="0.107" /><testcase classname="backend.tests.test_backend" name="test_create_enquiry_invalid_email" time="0.111" /><testcase classname="backend.tests.test_backend" name="test_create_enquiry_missing_required" time="0.100" /><testcase classname="backend.tests.test_backend" name="test_create_enquiry_xss_payload_stored_as_text" time="0.437" /><testcase classname="backend.tests.test_backend" name="test_create_enquiry_large_message" time="0.111" /><testcase classname="backend.tests.test_backend" name="test_create_vendor" time="0.097" /><testcase classname="backend.tests.test_backend" name="test_create_vendor_invalid_email" time="0.100" /><testcase classname="backend.tests.test_backend" name="test_login_success" time="0.325" /><testcase classname="backend.tests.test_backend" name="test_login_wrong_password" time="0.321" /><testcase classname="backend.tests.test_backend" name="test_login_unknown_email" time="0.111" /><testcase classname="backend.tests.test_backend" name="test_me_requires_token" time="0.110" /><testcase classname="backend.tests.test_backend" name="test_me_with_valid_token" time="0.381" /><testcase classname="backend.tests.test_backend" name="test_me_with_malformed_token" time="0.111" /><testcase classname="backend.tests.test_backend" name="test_me_with_expired_token" time="0.110" /><testcase classname="backend.tests.test_backend" name="test_me_with_wrong_role" time="0.109" /><testcase classname="backend.tests.test_backend" name="test_list_enquiries_unauth" time="0.099" /><testcase classname="backend.tests.test_backend" name="test_list_enquiries_authed" time="0.369" /><testcase classname="backend.tests.test_backend" name="test_list_vendors_unauth" time="0.121" /><testcase classname="backend.tests.test_backend" name="test_list_vendors_authed" time="0.405" /><testcase classname="backend.tests.test_backend" name="test_admin_stats" time="0.365" /><testcase classname="backend.tests.test_backend" name="test_patch_enquiry_status" time="0.474" /><testcase classname="backend.tests.test_backend" name="test_patch_enquiry_unknown_id" time="0.375" /><testcase classname="backend.tests.test_backend" name="test_patch_enquiry_invalid_status" time="0.386" /><testcase classname="backend.tests.test_backend" name="test_patch_enquiry_unauth" time="0.093" /><testcase classname="backend.tests.test_backend" name="test_brochure_pdf_served" time="0.179" /><testcase classname="backend.tests.test_backend" name="test_product_tds_served" time="0.159" /><testcase classname="backend.tests.test_backend" name="test_client_logo_served" time="0.119" /></testsuite></testsuites>